0 info it worked if it ends with ok
1 verbose cli [ 'node', '/usr/local/bin/npm', 'publish', '--access', 'public' ]
2 info using npm@3.7.2
3 info using node@v0.12.12
4 verbose node symlink /usr/bin/node
5 verbose publish [ '.' ]
6 verbose stack Error: Failed to parse json
6 verbose stack Trailing comma in array at 18:3
6 verbose stack   ],
6 verbose stack   ^
6 verbose stack     at parseError (/usr/local/lib/node_modules/npm/node_modules/read-package-json/read-json.js:379:11)
6 verbose stack     at parseJson (/usr/local/lib/node_modules/npm/node_modules/read-package-json/read-json.js:68:23)
6 verbose stack     at /usr/local/lib/node_modules/npm/node_modules/read-package-json/read-json.js:48:5
6 verbose stack     at /usr/local/lib/node_modules/npm/node_modules/graceful-fs/graceful-fs.js:78:16
6 verbose stack     at fs.js:334:14
6 verbose stack     at /usr/local/lib/node_modules/npm/node_modules/graceful-fs/graceful-fs.js:43:10
6 verbose stack     at FSReqWrap.oncomplete (fs.js:95:15)
7 verbose cwd /var/www/html/ajaxify
8 error Linux 4.2.0-32-generic
9 error argv "node" "/usr/local/bin/npm" "publish" "--access" "public"
10 error node v0.12.12
11 error npm  v3.7.2
12 error file /var/www/html/ajaxify/package.json
13 error code EJSONPARSE
14 error Failed to parse json
14 error Trailing comma in array at 18:3
14 error   ],
14 error   ^
15 error File: /var/www/html/ajaxify/package.json
16 error Failed to parse package.json data.
16 error package.json must be actual JSON, not just JavaScript.
16 error
16 error This is not a bug in npm.
16 error Tell the package author to fix their package.json file. JSON.parse
17 verbose exit [ 1, true ]
